
  [INFO][2018-01-05 10:44:50][com.duanfan.test.LogTest]infomessage
[WARN][2018-01-05 10:44:50][com.duanfan.test.LogTest]warnmessage
[ERROR][2018-01-05 10:44:50][com.duanfan.test.LogTest]errormessage
[FATAL][2018-01-05 10:44:50][com.duanfan.test.LogTest]fatalmessage
[INFO][2018-01-05 10:45:33][com.duanfan.test.LogTest]infomessage
[WARN][2018-01-05 10:45:33][com.duanfan.test.LogTest]warnmessage
[ERROR][2018-01-05 10:45:33][com.duanfan.test.LogTest]errormessage
[FATAL][2018-01-05 10:45:33][com.duanfan.test.LogTest]fatalmessage
[INFO][2018-01-08 16:37:07][org.springframework.context.support.ClassPathXmlApplicationContext]Refreshing org.springframework.context.support.ClassPathXmlApplicationContext@7de26db8: startup date [Mon Jan 08 16:37:07 CST 2018]; root of context hierarchy
[INFO][2018-01-08 16:37:07][org.springframework.beans.factory.xml.XmlBeanDefinitionReader]Loading XML bean definitions from class path resource [spring-mybatis.xml]
[INFO][2018-01-08 16:37:07][org.springframework.beans.factory.config.PropertyPlaceholderConfigurer]Loading properties file from class path resource [jdbc.properties]
[INFO][2018-01-08 16:37:07][org.springframework.beans.factory.config.PropertyPlaceholderConfigurer]Loading properties file from class path resource [redis.properties]
[INFO][2018-01-08 16:37:07][org.springframework.beans.factory.annotation.AutowiredAnnotationBeanPostProcessor]JSR-330 'javax.inject.Inject' annotation found and supported for autowiring
[INFO][2018-01-08 16:39:25][org.springframework.context.support.ClassPathXmlApplicationContext]Refreshing org.springframework.context.support.ClassPathXmlApplicationContext@7de26db8: startup date [Mon Jan 08 16:39:25 CST 2018]; root of context hierarchy
[INFO][2018-01-08 16:39:26][org.springframework.beans.factory.xml.XmlBeanDefinitionReader]Loading XML bean definitions from class path resource [spring-mybatis.xml]
[INFO][2018-01-08 16:39:26][org.springframework.beans.factory.config.PropertyPlaceholderConfigurer]Loading properties file from class path resource [jdbc.properties]
[INFO][2018-01-08 16:39:26][org.springframework.beans.factory.config.PropertyPlaceholderConfigurer]Loading properties file from class path resource [redis.properties]
[INFO][2018-01-08 16:39:26][org.springframework.beans.factory.annotation.AutowiredAnnotationBeanPostProcessor]JSR-330 'javax.inject.Inject' annotation found and supported for autowiring
[INFO][2018-01-08 16:40:23][org.springframework.context.support.ClassPathXmlApplicationContext]Refreshing org.springframework.context.support.ClassPathXmlApplicationContext@7de26db8: startup date [Mon Jan 08 16:40:23 CST 2018]; root of context hierarchy
[INFO][2018-01-08 16:40:23][org.springframework.beans.factory.xml.XmlBeanDefinitionReader]Loading XML bean definitions from class path resource [spring-mybatis.xml]
[INFO][2018-01-08 16:40:23][org.springframework.beans.factory.config.PropertyPlaceholderConfigurer]Loading properties file from class path resource [jdbc.properties]
[INFO][2018-01-08 16:40:23][org.springframework.beans.factory.config.PropertyPlaceholderConfigurer]Loading properties file from class path resource [redis.properties]
[INFO][2018-01-08 16:40:23][org.springframework.beans.factory.annotation.AutowiredAnnotationBeanPostProcessor]JSR-330 'javax.inject.Inject' annotation found and supported for autowiring
[INFO][2018-01-08 16:48:42][org.springframework.context.support.ClassPathXmlApplicationContext]Refreshing org.springframework.context.support.ClassPathXmlApplicationContext@7de26db8: startup date [Mon Jan 08 16:48:42 CST 2018]; root of context hierarchy
[INFO][2018-01-08 16:48:42][org.springframework.beans.factory.xml.XmlBeanDefinitionReader]Loading XML bean definitions from class path resource [spring-mybatis.xml]
[INFO][2018-01-08 16:48:43][org.springframework.beans.factory.config.PropertyPlaceholderConfigurer]Loading properties file from class path resource [jdbc.properties]
[INFO][2018-01-08 16:48:43][org.springframework.beans.factory.config.PropertyPlaceholderConfigurer]Loading properties file from class path resource [redis.properties]
[INFO][2018-01-08 16:48:43][org.springframework.beans.factory.annotation.AutowiredAnnotationBeanPostProcessor]JSR-330 'javax.inject.Inject' annotation found and supported for autowiring
[INFO][2018-01-08 16:51:43][org.springframework.context.support.ClassPathXmlApplicationContext]Refreshing org.springframework.context.support.ClassPathXmlApplicationContext@7de26db8: startup date [Mon Jan 08 16:51:43 CST 2018]; root of context hierarchy
[INFO][2018-01-08 16:51:43][org.springframework.beans.factory.xml.XmlBeanDefinitionReader]Loading XML bean definitions from class path resource [spring-mybatis.xml]
[INFO][2018-01-08 16:51:44][org.springframework.beans.factory.config.PropertyPlaceholderConfigurer]Loading properties file from class path resource [jdbc.properties]
[INFO][2018-01-08 16:51:44][org.springframework.beans.factory.config.PropertyPlaceholderConfigurer]Loading properties file from class path resource [redis.properties]
[INFO][2018-01-08 16:51:44][org.springframework.beans.factory.annotation.AutowiredAnnotationBeanPostProcessor]JSR-330 'javax.inject.Inject' annotation found and supported for autowiring
[INFO][2018-01-08 16:55:11][org.springframework.context.support.ClassPathXmlApplicationContext]Refreshing org.springframework.context.support.ClassPathXmlApplicationContext@7de26db8: startup date [Mon Jan 08 16:55:11 CST 2018]; root of context hierarchy
[INFO][2018-01-08 16:55:11][org.springframework.beans.factory.xml.XmlBeanDefinitionReader]Loading XML bean definitions from class path resource [spring-mybatis.xml]
[INFO][2018-01-08 16:55:11][org.springframework.beans.factory.config.PropertyPlaceholderConfigurer]Loading properties file from class path resource [jdbc.properties]
[INFO][2018-01-08 16:55:11][org.springframework.beans.factory.config.PropertyPlaceholderConfigurer]Loading properties file from class path resource [redis.properties]
[INFO][2018-01-08 16:55:11][org.springframework.beans.factory.annotation.AutowiredAnnotationBeanPostProcessor]JSR-330 'javax.inject.Inject' annotation found and supported for autowiring
[INFO][2018-01-08 16:55:24][org.springframework.context.support.ClassPathXmlApplicationContext]Refreshing org.springframework.context.support.ClassPathXmlApplicationContext@7de26db8: startup date [Mon Jan 08 16:55:24 CST 2018]; root of context hierarchy
[INFO][2018-01-08 16:55:25][org.springframework.beans.factory.xml.XmlBeanDefinitionReader]Loading XML bean definitions from class path resource [spring-mybatis.xml]
[INFO][2018-01-08 16:55:25][org.springframework.beans.factory.config.PropertyPlaceholderConfigurer]Loading properties file from class path resource [jdbc.properties]
[INFO][2018-01-08 16:55:25][org.springframework.beans.factory.config.PropertyPlaceholderConfigurer]Loading properties file from class path resource [redis.properties]
[INFO][2018-01-08 16:55:25][org.springframework.beans.factory.annotation.AutowiredAnnotationBeanPostProcessor]JSR-330 'javax.inject.Inject' annotation found and supported for autowiring
[INFO][2018-01-08 16:55:37][org.springframework.context.support.ClassPathXmlApplicationContext]Refreshing org.springframework.context.support.ClassPathXmlApplicationContext@7de26db8: startup date [Mon Jan 08 16:55:37 CST 2018]; root of context hierarchy
[INFO][2018-01-08 16:55:37][org.springframework.beans.factory.xml.XmlBeanDefinitionReader]Loading XML bean definitions from class path resource [spring-mybatis.xml]
[INFO][2018-01-08 16:55:38][org.springframework.beans.factory.config.PropertyPlaceholderConfigurer]Loading properties file from class path resource [jdbc.properties]
[INFO][2018-01-08 16:55:38][org.springframework.beans.factory.config.PropertyPlaceholderConfigurer]Loading properties file from class path resource [redis.properties]
[INFO][2018-01-08 16:55:38][org.springframework.beans.factory.annotation.AutowiredAnnotationBeanPostProcessor]JSR-330 'javax.inject.Inject' annotation found and supported for autowiring
[INFO][2018-01-09 10:26:23][org.springframework.context.support.ClassPathXmlApplicationContext]Refreshing org.springframework.context.support.ClassPathXmlApplicationContext@cac736f: startup date [Tue Jan 09 10:26:23 CST 2018]; root of context hierarchy
[INFO][2018-01-09 10:26:23][org.springframework.beans.factory.xml.XmlBeanDefinitionReader]Loading XML bean definitions from class path resource [spring-mybatis.xml]
[INFO][2018-01-09 10:26:23][org.springframework.beans.factory.xml.XmlBeanDefinitionReader]Loading XML bean definitions from class path resource [spring-redis.xml]
[INFO][2018-01-09 10:26:24][org.springframework.beans.factory.config.PropertyPlaceholderConfigurer]Loading properties file from class path resource [jdbc.properties]
[INFO][2018-01-09 10:26:24][org.springframework.beans.factory.config.PropertyPlaceholderConfigurer]Loading properties file from class path resource [redis.properties]
[INFO][2018-01-09 10:26:24][org.springframework.beans.factory.annotation.AutowiredAnnotationBeanPostProcessor]JSR-330 'javax.inject.Inject' annotation found and supported for autowiring
[INFO][2018-01-09 11:31:51][org.springframework.context.support.ClassPathXmlApplicationContext]Refreshing org.springframework.context.support.ClassPathXmlApplicationContext@5fdef03a: startup date [Tue Jan 09 11:31:51 CST 2018]; root of context hierarchy
[INFO][2018-01-09 11:31:52][org.springframework.beans.factory.xml.XmlBeanDefinitionReader]Loading XML bean definitions from class path resource [spring-mybatis.xml]
[INFO][2018-01-09 11:31:54][org.springframework.beans.factory.config.PropertyPlaceholderConfigurer]Loading properties file from class path resource [jdbc.properties]
[INFO][2018-01-09 11:31:54][org.springframework.beans.factory.annotation.AutowiredAnnotationBeanPostProcessor]JSR-330 'javax.inject.Inject' annotation found and supported for autowiring
[INFO][2018-01-09 11:32:58][org.springframework.context.support.ClassPathXmlApplicationContext]Refreshing org.springframework.context.support.ClassPathXmlApplicationContext@5fdef03a: startup date [Tue Jan 09 11:32:58 CST 2018]; root of context hierarchy
[INFO][2018-01-09 11:32:58][org.springframework.beans.factory.xml.XmlBeanDefinitionReader]Loading XML bean definitions from class path resource [spring-redis.xml]
[INFO][2018-01-09 11:32:58][org.springframework.context.support.PropertySourcesPlaceholderConfigurer]Loading properties file from class path resource [redis.properties]
